2020-07-04 16:06:59,559 - __main__ - INFO - =====================
2020-07-04 16:06:59,562 - __main__ - INFO - Starting to read records for record 3 SeriesID 1621
2020-07-04 16:07:01,598 - __main__ - INFO - http://data.commoditymarkets.com/SoleraAdvisors/Value_Weekly?$filter=SeriesID eq 1621 AND LastModified gt 2020-07-01T14:06:31.313000Z &$top=2000&$skip=0& $format=json
2020-07-04 16:07:01,608 - __main__ - INFO - Total record read 0
2020-07-04 16:07:01,613 - __main__ - INFO - Read complete for record 3 SeriesID 1621
2020-07-04 16:07:01,614 - __main__ - INFO - =====================
2020-07-04 16:07:01,629 - __main__ - INFO - =====================
2020-07-04 16:07:01,639 - __main__ - INFO - Starting to read records for record 1 SeriesID 62727
2020-07-04 16:07:03,585 - __main__ - INFO - http://data.commoditymarkets.com/SoleraAdvisors/Value_Weekly?$filter=SeriesID eq 62727 AND LastModified gt 2020-07-01T13:53:23.837000Z &$top=2000&$skip=0& $format=json
2020-07-04 16:07:03,607 - __main__ - INFO - Total record read 0
2020-07-04 16:07:03,618 - __main__ - INFO - Read complete for record 1 SeriesID 62727
2020-07-04 16:07:03,618 - __main__ - INFO - =====================
2020-07-04 16:07:03,629 - __main__ - INFO - =====================
2020-07-04 16:07:03,636 - __main__ - INFO - Starting to read records for record 4 SeriesID 1622
2020-07-04 16:07:05,384 - __main__ - INFO - http://data.commoditymarkets.com/SoleraAdvisors/Value_Weekly?$filter=SeriesID eq 1622 AND LastModified gt 2020-07-01T14:06:31.313000Z &$top=2000&$skip=0& $format=json
2020-07-04 16:07:05,407 - __main__ - INFO - Total record read 0
2020-07-04 16:07:05,419 - __main__ - INFO - Read complete for record 4 SeriesID 1622
2020-07-04 16:07:05,419 - __main__ - INFO - =====================
2020-07-04 16:08:16,223 - __main__ - INFO - =====================
2020-07-04 16:08:16,228 - __main__ - INFO - Starting to read records for record 3 SeriesID 1621
2020-07-04 16:08:19,488 - __main__ - INFO - http://data.commoditymarkets.com/SoleraAdvisors/Value_Weekly?$filter=SeriesID eq 1621 AND LastModified gt 2020-07-01T14:06:31.313000Z &$top=2000&$skip=0& $format=json
2020-07-04 16:08:19,507 - __main__ - INFO - Total record read 0
2020-07-04 16:08:19,517 - __main__ - INFO - Read complete for record 3 SeriesID 1621
2020-07-04 16:08:19,517 - __main__ - INFO - =====================
2020-07-04 16:08:19,539 - __main__ - INFO - =====================
2020-07-04 16:08:19,548 - __main__ - INFO - Starting to read records for record 1 SeriesID 62727
2020-07-04 16:08:21,132 - __main__ - INFO - http://data.commoditymarkets.com/SoleraAdvisors/Value_Weekly?$filter=SeriesID eq 62727 AND LastModified gt 2020-07-01T13:53:23.837000Z &$top=2000&$skip=0& $format=json
2020-07-04 16:08:21,152 - __main__ - INFO - Total record read 0
2020-07-04 16:08:21,162 - __main__ - INFO - Read complete for record 1 SeriesID 62727
2020-07-04 16:08:21,163 - __main__ - INFO - =====================
2020-07-04 16:08:21,176 - __main__ - INFO - =====================
2020-07-04 16:08:21,185 - __main__ - INFO - Starting to read records for record 4 SeriesID 1622
2020-07-04 16:08:22,812 - __main__ - INFO - http://data.commoditymarkets.com/SoleraAdvisors/Value_Weekly?$filter=SeriesID eq 1622 AND LastModified gt 2020-07-01T14:06:31.313000Z &$top=2000&$skip=0& $format=json
2020-07-04 16:08:22,826 - __main__ - INFO - Total record read 0
2020-07-04 16:08:22,834 - __main__ - INFO - Read complete for record 4 SeriesID 1622
2020-07-04 16:08:22,834 - __main__ - INFO - =====================
2020-07-04 16:08:22,842 - __main__ - INFO - =====================
2020-07-04 16:08:22,850 - __main__ - INFO - Starting to read records for record 5 SeriesID 1623
2020-07-04 16:08:26,346 - __main__ - INFO - http://data.commoditymarkets.com/SoleraAdvisors/Value_Weekly?$filter=SeriesID eq 1623 AND LastModified gt 2016-01-01T00:00:00Z &$top=2000&$skip=0& $format=json
2020-07-04 16:10:26,860 - __main__ - INFO - =====================
2020-07-04 16:10:26,868 - __main__ - INFO - Starting to read records for record 3 SeriesID 1621
2020-07-04 16:10:28,725 - __main__ - INFO - http://data.commoditymarkets.com/SoleraAdvisors/Value_Weekly?$filter=SeriesID eq 1621 AND LastModified gt 2020-07-01T14:06:31.313000Z &$top=2000&$skip=0& $format=json
2020-07-04 16:10:28,756 - __main__ - INFO - Total record read 0
2020-07-04 16:10:28,765 - __main__ - INFO - Read complete for record 3 SeriesID 1621
2020-07-04 16:10:28,765 - __main__ - INFO - =====================
2020-07-04 16:10:28,776 - __main__ - INFO - =====================
2020-07-04 16:10:28,782 - __main__ - INFO - Starting to read records for record 1 SeriesID 62727
2020-07-04 16:10:30,414 - __main__ - INFO - http://data.commoditymarkets.com/SoleraAdvisors/Value_Weekly?$filter=SeriesID eq 62727 AND LastModified gt 2020-07-01T13:53:23.837000Z &$top=2000&$skip=0& $format=json
2020-07-04 16:10:30,431 - __main__ - INFO - Total record read 0
2020-07-04 16:10:30,440 - __main__ - INFO - Read complete for record 1 SeriesID 62727
2020-07-04 16:10:30,441 - __main__ - INFO - =====================
2020-07-04 16:10:30,454 - __main__ - INFO - =====================
2020-07-04 16:10:30,467 - __main__ - INFO - Starting to read records for record 4 SeriesID 1622
2020-07-04 16:10:32,117 - __main__ - INFO - http://data.commoditymarkets.com/SoleraAdvisors/Value_Weekly?$filter=SeriesID eq 1622 AND LastModified gt 2020-07-01T14:06:31.313000Z &$top=2000&$skip=0& $format=json
2020-07-04 16:10:32,141 - __main__ - INFO - Total record read 0
2020-07-04 16:10:32,150 - __main__ - INFO - Read complete for record 4 SeriesID 1622
2020-07-04 16:10:32,150 - __main__ - INFO - =====================
2020-07-04 16:10:32,159 - __main__ - INFO - =====================
2020-07-04 16:10:32,165 - __main__ - INFO - Starting to read records for record 5 SeriesID 1623
2020-07-04 16:10:35,944 - __main__ - INFO - http://data.commoditymarkets.com/SoleraAdvisors/Value_Weekly?$filter=SeriesID eq 1623 AND LastModified gt 2016-01-01T00:00:00Z &$top=2000&$skip=0& $format=json
2020-07-04 16:11:31,330 - __main__ - INFO - =====================
2020-07-04 16:11:31,337 - __main__ - INFO - Starting to read records for record 3 SeriesID 1621
2020-07-04 16:11:44,905 - __main__ - INFO - http://data.commoditymarkets.com/SoleraAdvisors/Value_Weekly?$filter=SeriesID eq 1621 AND LastModified gt 2020-07-01T14:06:31.313000Z &$top=2000&$skip=0& $format=json
2020-07-04 16:11:44,929 - __main__ - INFO - Total record read 0
2020-07-04 16:11:44,934 - __main__ - INFO - Read complete for record 3 SeriesID 1621
2020-07-04 16:11:44,935 - __main__ - INFO - =====================
2020-07-04 16:11:44,946 - __main__ - INFO - =====================
2020-07-04 16:11:44,952 - __main__ - INFO - Starting to read records for record 1 SeriesID 62727
2020-07-04 16:11:47,119 - __main__ - INFO - http://data.commoditymarkets.com/SoleraAdvisors/Value_Weekly?$filter=SeriesID eq 62727 AND LastModified gt 2020-07-01T13:53:23.837000Z &$top=2000&$skip=0& $format=json
2020-07-04 16:11:47,156 - __main__ - INFO - Total record read 0
2020-07-04 16:11:47,167 - __main__ - INFO - Read complete for record 1 SeriesID 62727
2020-07-04 16:11:47,169 - __main__ - INFO - =====================
2020-07-04 16:11:47,184 - __main__ - INFO - =====================
2020-07-04 16:11:47,195 - __main__ - INFO - Starting to read records for record 4 SeriesID 1622
2020-07-04 16:11:48,882 - __main__ - INFO - http://data.commoditymarkets.com/SoleraAdvisors/Value_Weekly?$filter=SeriesID eq 1622 AND LastModified gt 2020-07-01T14:06:31.313000Z &$top=2000&$skip=0& $format=json
2020-07-04 16:11:48,906 - __main__ - INFO - Total record read 0
2020-07-04 16:11:48,917 - __main__ - INFO - Read complete for record 4 SeriesID 1622
2020-07-04 16:11:48,918 - __main__ - INFO - =====================
2020-07-04 16:11:48,926 - __main__ - INFO - =====================
2020-07-04 16:11:48,933 - __main__ - INFO - Starting to read records for record 5 SeriesID 1623
2020-07-04 16:11:55,666 - __main__ - INFO - http://data.commoditymarkets.com/SoleraAdvisors/Value_Weekly?$filter=SeriesID eq 1623 AND LastModified gt 2016-01-01T00:00:00Z &$top=2000&$skip=0& $format=json
2020-07-04 16:12:51,507 - __main__ - INFO - =====================
2020-07-04 16:12:51,515 - __main__ - INFO - Starting to read records for record 3 SeriesID 1621
2020-07-04 16:12:53,265 - __main__ - INFO - http://data.commoditymarkets.com/SoleraAdvisors/Value_Weekly?$filter=SeriesID eq 1621 AND LastModified gt 2020-07-01T14:06:31.313000Z &$top=2000&$skip=0& $format=json
2020-07-04 16:12:53,291 - __main__ - INFO - Total record read 0
2020-07-04 16:12:53,300 - __main__ - INFO - Read complete for record 3 SeriesID 1621
2020-07-04 16:12:53,300 - __main__ - INFO - =====================
2020-07-04 16:12:53,311 - __main__ - INFO - =====================
2020-07-04 16:12:53,317 - __main__ - INFO - Starting to read records for record 1 SeriesID 62727
2020-07-04 16:12:55,007 - __main__ - INFO - http://data.commoditymarkets.com/SoleraAdvisors/Value_Weekly?$filter=SeriesID eq 62727 AND LastModified gt 2020-07-01T13:53:23.837000Z &$top=2000&$skip=0& $format=json
2020-07-04 16:12:55,027 - __main__ - INFO - Total record read 0
2020-07-04 16:12:55,037 - __main__ - INFO - Read complete for record 1 SeriesID 62727
2020-07-04 16:12:55,037 - __main__ - INFO - =====================
2020-07-04 16:12:55,045 - __main__ - INFO - =====================
2020-07-04 16:12:55,052 - __main__ - INFO - Starting to read records for record 4 SeriesID 1622
2020-07-04 16:12:56,785 - __main__ - INFO - http://data.commoditymarkets.com/SoleraAdvisors/Value_Weekly?$filter=SeriesID eq 1622 AND LastModified gt 2020-07-01T14:06:31.313000Z &$top=2000&$skip=0& $format=json
2020-07-04 16:12:56,800 - __main__ - INFO - Total record read 0
2020-07-04 16:12:56,806 - __main__ - INFO - Read complete for record 4 SeriesID 1622
2020-07-04 16:12:56,806 - __main__ - INFO - =====================
2020-07-04 16:12:56,816 - __main__ - INFO - =====================
2020-07-04 16:12:56,823 - __main__ - INFO - Starting to read records for record 5 SeriesID 1623
2020-07-04 16:13:00,478 - __main__ - INFO - http://data.commoditymarkets.com/SoleraAdvisors/Value_Weekly?$filter=SeriesID eq 1623 AND LastModified gt 2016-01-01T00:00:00Z &$top=2000&$skip=0& $format=json
2020-07-04 16:13:41,722 - __main__ - INFO - =====================
2020-07-04 16:13:41,732 - __main__ - INFO - Starting to read records for record 3 SeriesID 1621
2020-07-04 16:13:43,374 - __main__ - INFO - http://data.commoditymarkets.com/SoleraAdvisors/Value_Weekly?$filter=SeriesID eq 1621 AND LastModified gt 2020-07-01T14:06:31.313000Z &$top=2000&$skip=0& $format=json
2020-07-04 16:13:43,397 - __main__ - INFO - Total record read 0
2020-07-04 16:13:43,404 - __main__ - INFO - Read complete for record 3 SeriesID 1621
2020-07-04 16:13:43,405 - __main__ - INFO - =====================
2020-07-04 16:13:43,415 - __main__ - INFO - =====================
2020-07-04 16:13:43,423 - __main__ - INFO - Starting to read records for record 1 SeriesID 62727
2020-07-04 16:13:45,080 - __main__ - INFO - http://data.commoditymarkets.com/SoleraAdvisors/Value_Weekly?$filter=SeriesID eq 62727 AND LastModified gt 2020-07-01T13:53:23.837000Z &$top=2000&$skip=0& $format=json
2020-07-04 16:13:45,100 - __main__ - INFO - Total record read 0
2020-07-04 16:13:45,108 - __main__ - INFO - Read complete for record 1 SeriesID 62727
2020-07-04 16:13:45,108 - __main__ - INFO - =====================
2020-07-04 16:13:45,119 - __main__ - INFO - =====================
2020-07-04 16:13:45,125 - __main__ - INFO - Starting to read records for record 4 SeriesID 1622
2020-07-04 16:13:46,770 - __main__ - INFO - http://data.commoditymarkets.com/SoleraAdvisors/Value_Weekly?$filter=SeriesID eq 1622 AND LastModified gt 2020-07-01T14:06:31.313000Z &$top=2000&$skip=0& $format=json
2020-07-04 16:13:46,796 - __main__ - INFO - Total record read 0
2020-07-04 16:13:46,806 - __main__ - INFO - Read complete for record 4 SeriesID 1622
2020-07-04 16:13:46,806 - __main__ - INFO - =====================
2020-07-04 16:13:46,819 - __main__ - INFO - =====================
2020-07-04 16:13:46,830 - __main__ - INFO - Starting to read records for record 5 SeriesID 1623
2020-07-04 16:13:50,479 - __main__ - INFO - http://data.commoditymarkets.com/SoleraAdvisors/Value_Weekly?$filter=SeriesID eq 1623 AND LastModified gt 2016-01-01T00:00:00Z &$top=2000&$skip=0& $format=json
2020-07-04 16:14:10,482 - __main__ - INFO - =====================
2020-07-04 16:14:10,490 - __main__ - INFO - Starting to read records for record 3 SeriesID 1621
2020-07-04 16:14:12,242 - __main__ - INFO - http://data.commoditymarkets.com/SoleraAdvisors/Value_Weekly?$filter=SeriesID eq 1621 AND LastModified gt 2020-07-01T14:06:31.313000Z &$top=2000&$skip=0& $format=json
2020-07-04 16:14:12,272 - __main__ - INFO - Total record read 0
2020-07-04 16:14:12,284 - __main__ - INFO - Read complete for record 3 SeriesID 1621
2020-07-04 16:14:12,284 - __main__ - INFO - =====================
2020-07-04 16:14:12,301 - __main__ - INFO - =====================
2020-07-04 16:14:12,314 - __main__ - INFO - Starting to read records for record 1 SeriesID 62727
2020-07-04 16:14:13,999 - __main__ - INFO - http://data.commoditymarkets.com/SoleraAdvisors/Value_Weekly?$filter=SeriesID eq 62727 AND LastModified gt 2020-07-01T13:53:23.837000Z &$top=2000&$skip=0& $format=json
2020-07-04 16:14:14,024 - __main__ - INFO - Total record read 0
2020-07-04 16:14:14,037 - __main__ - INFO - Read complete for record 1 SeriesID 62727
2020-07-04 16:14:14,037 - __main__ - INFO - =====================
2020-07-04 16:14:14,208 - __main__ - INFO - =====================
2020-07-04 16:14:14,223 - __main__ - INFO - Starting to read records for record 4 SeriesID 1622
2020-07-04 16:14:15,890 - __main__ - INFO - http://data.commoditymarkets.com/SoleraAdvisors/Value_Weekly?$filter=SeriesID eq 1622 AND LastModified gt 2020-07-01T14:06:31.313000Z &$top=2000&$skip=0& $format=json
2020-07-04 16:14:15,912 - __main__ - INFO - Total record read 0
2020-07-04 16:14:15,924 - __main__ - INFO - Read complete for record 4 SeriesID 1622
2020-07-04 16:14:15,924 - __main__ - INFO - =====================
2020-07-04 16:14:15,938 - __main__ - INFO - =====================
2020-07-04 16:14:15,947 - __main__ - INFO - Starting to read records for record 5 SeriesID 1623
2020-07-04 16:14:19,411 - __main__ - INFO - http://data.commoditymarkets.com/SoleraAdvisors/Value_Weekly?$filter=SeriesID eq 1623 AND LastModified gt 2016-01-01T00:00:00Z &$top=2000&$skip=0& $format=json
2020-07-04 16:14:23,442 - __main__ - INFO - =====================
2020-07-04 16:14:23,449 - __main__ - INFO - Starting to read records for record 5 SeriesID 1623
2020-07-04 16:14:26,635 - __main__ - INFO - http://data.commoditymarkets.com/SoleraAdvisors/Value_Weekly?$filter=SeriesID eq 1623 AND LastModified gt 2016-01-01T00:00:00Z &$top=2000&$skip=2000& $format=json
2020-07-04 16:14:27,184 - __main__ - INFO - =====================
2020-07-04 16:14:27,190 - __main__ - INFO - Starting to read records for record 5 SeriesID 1623
2020-07-04 16:14:30,350 - __main__ - INFO - http://data.commoditymarkets.com/SoleraAdvisors/Value_Weekly?$filter=SeriesID eq 1623 AND LastModified gt 2016-01-01T00:00:00Z &$top=2000&$skip=4000& $format=json
2020-07-04 16:14:30,375 - __main__ - INFO - Total record read 2225
2020-07-04 16:14:30,383 - __main__ - INFO - Read complete for record 5 SeriesID 1623
2020-07-04 16:14:30,384 - __main__ - INFO - =====================
2020-07-04 16:17:47,733 - __main__ - INFO - =====================
2020-07-04 16:17:47,743 - __main__ - INFO - Starting to read records for record 3 SeriesID 1621 Batch 0
2020-07-04 16:18:03,621 - __main__ - INFO - http://data.commoditymarkets.com/SoleraAdvisors/Value_Weekly?$filter=SeriesID eq 1621 AND LastModified gt 2020-07-01T14:06:31.313000Z &$top=2000&$skip=0& $format=json
2020-07-04 16:18:03,633 - __main__ - INFO - Total record read 0
2020-07-04 16:18:03,649 - __main__ - INFO - Read complete for record 3 SeriesID 1621
2020-07-04 16:18:03,649 - __main__ - INFO - =====================
2020-07-04 16:18:03,649 - __main__ - INFO - =====================
2020-07-04 16:18:03,664 - __main__ - INFO - Starting to read records for record 1 SeriesID 62727 Batch 0
2020-07-04 16:18:10,254 - __main__ - INFO - http://data.commoditymarkets.com/SoleraAdvisors/Value_Weekly?$filter=SeriesID eq 62727 AND LastModified gt 2020-07-01T13:53:23.837000Z &$top=2000&$skip=0& $format=json
2020-07-04 16:18:10,276 - __main__ - INFO - Total record read 0
2020-07-04 16:18:10,288 - __main__ - INFO - Read complete for record 1 SeriesID 62727
2020-07-04 16:18:10,288 - __main__ - INFO - =====================
2020-07-04 16:18:10,302 - __main__ - INFO - =====================
2020-07-04 16:18:10,313 - __main__ - INFO - Starting to read records for record 4 SeriesID 1622 Batch 0
2020-07-04 16:18:11,916 - __main__ - INFO - http://data.commoditymarkets.com/SoleraAdvisors/Value_Weekly?$filter=SeriesID eq 1622 AND LastModified gt 2020-07-01T14:06:31.313000Z &$top=2000&$skip=0& $format=json
2020-07-04 16:18:11,936 - __main__ - INFO - Total record read 0
2020-07-04 16:18:11,947 - __main__ - INFO - Read complete for record 4 SeriesID 1622
2020-07-04 16:18:11,947 - __main__ - INFO - =====================
2020-07-04 16:18:11,960 - __main__ - INFO - =====================
2020-07-04 16:18:11,966 - __main__ - INFO - Starting to read records for record 5 SeriesID 1623 Batch 0
2020-07-04 16:18:13,639 - __main__ - INFO - http://data.commoditymarkets.com/SoleraAdvisors/Value_Weekly?$filter=SeriesID eq 1623 AND LastModified gt 2020-07-01T14:06:31.313000Z &$top=2000&$skip=0& $format=json
2020-07-04 16:18:13,657 - __main__ - INFO - Total record read 0
2020-07-04 16:18:13,666 - __main__ - INFO - Read complete for record 5 SeriesID 1623
2020-07-04 16:18:13,667 - __main__ - INFO - =====================
2020-07-04 16:20:23,316 - __main__ - INFO - =====================
2020-07-04 16:20:23,327 - __main__ - INFO - Starting to read records for record 3 and SeriesID 1621 for Batch 0
2020-07-04 16:20:25,051 - __main__ - INFO - http://data.commoditymarkets.com/SoleraAdvisors/Value_Weekly?$filter=SeriesID eq 1621 AND LastModified gt 2020-07-01T14:06:31.313000Z &$top=2000&$skip=0& $format=json
2020-07-04 16:20:25,066 - __main__ - INFO - Total record read 0
2020-07-04 16:20:25,072 - __main__ - INFO - Read complete for record 3 and SeriesID 1621
2020-07-04 16:20:25,072 - __main__ - INFO - =====================
2020-07-04 16:20:25,084 - __main__ - INFO - =====================
2020-07-04 16:20:25,090 - __main__ - INFO - Starting to read records for record 1 and SeriesID 62727 for Batch 0
2020-07-04 16:20:26,750 - __main__ - INFO - http://data.commoditymarkets.com/SoleraAdvisors/Value_Weekly?$filter=SeriesID eq 62727 AND LastModified gt 2020-07-01T13:53:23.837000Z &$top=2000&$skip=0& $format=json
2020-07-04 16:20:26,770 - __main__ - INFO - Total record read 0
2020-07-04 16:20:26,779 - __main__ - INFO - Read complete for record 1 and SeriesID 62727
2020-07-04 16:20:26,780 - __main__ - INFO - =====================
2020-07-04 16:20:26,788 - __main__ - INFO - =====================
2020-07-04 16:20:26,795 - __main__ - INFO - Starting to read records for record 4 and SeriesID 1622 for Batch 0
2020-07-04 16:20:28,486 - __main__ - INFO - http://data.commoditymarkets.com/SoleraAdvisors/Value_Weekly?$filter=SeriesID eq 1622 AND LastModified gt 2020-07-01T14:06:31.313000Z &$top=2000&$skip=0& $format=json
2020-07-04 16:20:28,505 - __main__ - INFO - Total record read 0
2020-07-04 16:20:28,515 - __main__ - INFO - Read complete for record 4 and SeriesID 1622
2020-07-04 16:20:28,516 - __main__ - INFO - =====================
2020-07-04 16:20:28,528 - __main__ - INFO - =====================
2020-07-04 16:20:28,537 - __main__ - INFO - Starting to read records for record 5 and SeriesID 1623 for Batch 0
2020-07-04 16:20:30,167 - __main__ - INFO - http://data.commoditymarkets.com/SoleraAdvisors/Value_Weekly?$filter=SeriesID eq 1623 AND LastModified gt 2020-07-01T14:06:31.313000Z &$top=2000&$skip=0& $format=json
2020-07-04 16:20:30,189 - __main__ - INFO - Total record read 0
2020-07-04 16:20:30,198 - __main__ - INFO - Read complete for record 5 and SeriesID 1623
2020-07-04 16:20:30,198 - __main__ - INFO - =====================
2020-07-04 16:20:30,211 - __main__ - INFO - =====================
2020-07-04 16:20:30,220 - __main__ - INFO - Starting to read records for record 6 and SeriesID 1624 for Batch 0
2020-07-04 16:20:33,875 - __main__ - INFO - http://data.commoditymarkets.com/SoleraAdvisors/Value_Weekly?$filter=SeriesID eq 1624 AND LastModified gt 2016-01-01T00:00:00Z &$top=2000&$skip=0& $format=json
2020-07-04 16:21:32,161 - __main__ - INFO - =====================
2020-07-04 16:21:32,169 - __main__ - INFO - Starting to read records for record 3 and SeriesID 1621 for Batch 0
2020-07-04 16:21:33,835 - __main__ - INFO - http://data.commoditymarkets.com/SoleraAdvisors/Value_Weekly?$filter=SeriesID eq 1621 AND LastModified gt 2020-07-01T14:06:31.313000Z &$top=2000&$skip=0& $format=json
2020-07-04 16:21:33,858 - __main__ - INFO - Total record read 0
2020-07-04 16:21:33,867 - __main__ - INFO - Read complete for record 3 and SeriesID 1621
2020-07-04 16:21:33,868 - __main__ - INFO - =====================
2020-07-04 16:21:33,881 - __main__ - INFO - =====================
2020-07-04 16:21:33,887 - __main__ - INFO - Starting to read records for record 1 and SeriesID 62727 for Batch 0
2020-07-04 16:21:49,363 - __main__ - INFO - http://data.commoditymarkets.com/SoleraAdvisors/Value_Weekly?$filter=SeriesID eq 62727 AND LastModified gt 2020-07-01T13:53:23.837000Z &$top=2000&$skip=0& $format=json
2020-07-04 16:21:49,378 - __main__ - INFO - Total record read 0
2020-07-04 16:21:49,384 - __main__ - INFO - Read complete for record 1 and SeriesID 62727
2020-07-04 16:21:49,385 - __main__ - INFO - =====================
2020-07-04 16:21:49,395 - __main__ - INFO - =====================
2020-07-04 16:21:49,401 - __main__ - INFO - Starting to read records for record 4 and SeriesID 1622 for Batch 0
2020-07-04 16:21:51,025 - __main__ - INFO - http://data.commoditymarkets.com/SoleraAdvisors/Value_Weekly?$filter=SeriesID eq 1622 AND LastModified gt 2020-07-01T14:06:31.313000Z &$top=2000&$skip=0& $format=json
2020-07-04 16:21:51,040 - __main__ - INFO - Total record read 0
2020-07-04 16:21:51,046 - __main__ - INFO - Read complete for record 4 and SeriesID 1622
2020-07-04 16:21:51,046 - __main__ - INFO - =====================
2020-07-04 16:21:51,056 - __main__ - INFO - =====================
2020-07-04 16:21:51,062 - __main__ - INFO - Starting to read records for record 5 and SeriesID 1623 for Batch 0
2020-07-04 16:21:52,704 - __main__ - INFO - http://data.commoditymarkets.com/SoleraAdvisors/Value_Weekly?$filter=SeriesID eq 1623 AND LastModified gt 2020-07-01T14:06:31.313000Z &$top=2000&$skip=0& $format=json
2020-07-04 16:21:52,728 - __main__ - INFO - Total record read 0
2020-07-04 16:21:52,737 - __main__ - INFO - Read complete for record 5 and SeriesID 1623
2020-07-04 16:21:52,738 - __main__ - INFO - =====================
2020-07-04 16:21:52,746 - __main__ - INFO - =====================
2020-07-04 16:21:52,753 - __main__ - INFO - Starting to read records for record 6 and SeriesID 1624 for Batch 0
2020-07-04 16:21:56,309 - __main__ - INFO - http://data.commoditymarkets.com/SoleraAdvisors/Value_Weekly?$filter=SeriesID eq 1624 AND LastModified gt 2016-01-01T00:00:00Z &$top=2000&$skip=0& $format=json
2020-07-04 16:21:56,418 - __main__ - INFO - Batch 0 read count 2000
2020-07-04 16:21:56,418 - __main__ - INFO - Batch 0 read count 2000
2020-07-04 16:22:00,374 - __main__ - INFO - =====================
2020-07-04 16:22:00,381 - __main__ - INFO - Starting to read records for record 6 and SeriesID 1624 for Batch 1
2020-07-04 16:22:03,538 - __main__ - INFO - http://data.commoditymarkets.com/SoleraAdvisors/Value_Weekly?$filter=SeriesID eq 1624 AND LastModified gt 2016-01-01T00:00:00Z &$top=2000&$skip=2000& $format=json
2020-07-04 16:22:03,579 - __main__ - INFO - Batch 1 read count 2225
2020-07-04 16:22:03,579 - __main__ - INFO - Batch 1 read count 2225
2020-07-04 16:22:04,029 - __main__ - INFO - =====================
2020-07-04 16:22:04,036 - __main__ - INFO - Starting to read records for record 6 and SeriesID 1624 for Batch 2
2020-07-04 16:22:07,091 - __main__ - INFO - http://data.commoditymarkets.com/SoleraAdvisors/Value_Weekly?$filter=SeriesID eq 1624 AND LastModified gt 2016-01-01T00:00:00Z &$top=2000&$skip=4000& $format=json
2020-07-04 16:22:07,105 - __main__ - INFO - Total record read 2225
2020-07-04 16:22:07,111 - __main__ - INFO - Read complete for record 6 and SeriesID 1624
2020-07-04 16:22:07,112 - __main__ - INFO - =====================
2020-07-04 16:24:27,610 - __main__ - INFO - =====================
2020-07-04 16:24:27,616 - __main__ - INFO - Starting to read records for record 3 and SeriesID 1621 for Batch 0
2020-07-04 16:24:29,645 - __main__ - INFO - http://data.commoditymarkets.com/SoleraAdvisors/Value_Weekly?$filter=SeriesID eq 1621 AND LastModified gt 2020-07-01T14:06:31.313000Z &$top=2000&$skip=0& $format=json
2020-07-04 16:24:29,668 - __main__ - INFO - Total record read 0
2020-07-04 16:24:29,678 - __main__ - INFO - Read complete for record 3 and SeriesID 1621
2020-07-04 16:24:29,678 - __main__ - INFO - =====================
2020-07-04 16:24:29,691 - __main__ - INFO - =====================
2020-07-04 16:24:29,698 - __main__ - INFO - Starting to read records for record 1 and SeriesID 62727 for Batch 0
2020-07-04 16:24:31,339 - __main__ - INFO - http://data.commoditymarkets.com/SoleraAdvisors/Value_Weekly?$filter=SeriesID eq 62727 AND LastModified gt 2020-07-01T13:53:23.837000Z &$top=2000&$skip=0& $format=json
2020-07-04 16:24:31,364 - __main__ - INFO - Total record read 0
2020-07-04 16:24:31,375 - __main__ - INFO - Read complete for record 1 and SeriesID 62727
2020-07-04 16:24:31,376 - __main__ - INFO - =====================
2020-07-04 16:24:31,390 - __main__ - INFO - =====================
2020-07-04 16:24:31,403 - __main__ - INFO - Starting to read records for record 4 and SeriesID 1622 for Batch 0
2020-07-04 16:24:33,044 - __main__ - INFO - http://data.commoditymarkets.com/SoleraAdvisors/Value_Weekly?$filter=SeriesID eq 1622 AND LastModified gt 2020-07-01T14:06:31.313000Z &$top=2000&$skip=0& $format=json
2020-07-04 16:24:33,056 - __main__ - INFO - Total record read 0
2020-07-04 16:24:33,066 - __main__ - INFO - Read complete for record 4 and SeriesID 1622
2020-07-04 16:24:33,067 - __main__ - INFO - =====================
2020-07-04 16:24:33,077 - __main__ - INFO - =====================
2020-07-04 16:24:33,083 - __main__ - INFO - Starting to read records for record 5 and SeriesID 1623 for Batch 0
2020-07-04 16:24:34,735 - __main__ - INFO - http://data.commoditymarkets.com/SoleraAdvisors/Value_Weekly?$filter=SeriesID eq 1623 AND LastModified gt 2020-07-01T14:06:31.313000Z &$top=2000&$skip=0& $format=json
2020-07-04 16:24:34,759 - __main__ - INFO - Total record read 0
2020-07-04 16:24:34,766 - __main__ - INFO - Read complete for record 5 and SeriesID 1623
2020-07-04 16:24:34,766 - __main__ - INFO - =====================
2020-07-04 16:24:34,776 - __main__ - INFO - =====================
2020-07-04 16:24:34,782 - __main__ - INFO - Starting to read records for record 6 and SeriesID 1624 for Batch 0
2020-07-04 16:24:37,008 - __main__ - INFO - http://data.commoditymarkets.com/SoleraAdvisors/Value_Weekly?$filter=SeriesID eq 1624 AND LastModified gt 2020-07-01T14:06:31.313000Z &$top=2000&$skip=0& $format=json
2020-07-04 16:24:37,022 - __main__ - INFO - Total record read 0
2020-07-04 16:24:37,029 - __main__ - INFO - Read complete for record 6 and SeriesID 1624
2020-07-04 16:24:37,030 - __main__ - INFO - =====================
2020-07-04 16:25:26,652 - __main__ - INFO - =====================
2020-07-04 16:25:26,661 - __main__ - INFO - Starting to read records for record 3 and SeriesID 1621 for Batch 0
2020-07-04 16:25:28,341 - __main__ - INFO - http://data.commoditymarkets.com/SoleraAdvisors/Value_Weekly?$filter=SeriesID eq 1621 AND LastModified gt 2020-07-01T14:06:31.313000Z &$top=2000&$skip=0& $format=json
2020-07-04 16:25:28,366 - __main__ - INFO - Total record read 0
2020-07-04 16:25:28,375 - __main__ - INFO - Read complete for record 3 and SeriesID 1621
2020-07-04 16:25:28,375 - __main__ - INFO - =====================
2020-07-04 16:25:28,386 - __main__ - INFO - =====================
2020-07-04 16:25:28,395 - __main__ - INFO - Starting to read records for record 1 and SeriesID 62727 for Batch 0
2020-07-04 16:25:30,139 - __main__ - INFO - http://data.commoditymarkets.com/SoleraAdvisors/Value_Weekly?$filter=SeriesID eq 62727 AND LastModified gt 2020-07-01T13:53:23.837000Z &$top=2000&$skip=0& $format=json
2020-07-04 16:25:30,173 - __main__ - INFO - Total record read 0
2020-07-04 16:25:30,186 - __main__ - INFO - Read complete for record 1 and SeriesID 62727
2020-07-04 16:25:30,186 - __main__ - INFO - =====================
2020-07-04 16:25:30,200 - __main__ - INFO - =====================
2020-07-04 16:25:30,212 - __main__ - INFO - Starting to read records for record 4 and SeriesID 1622 for Batch 0
2020-07-04 16:25:31,879 - __main__ - INFO - http://data.commoditymarkets.com/SoleraAdvisors/Value_Weekly?$filter=SeriesID eq 1622 AND LastModified gt 2020-07-01T14:06:31.313000Z &$top=2000&$skip=0& $format=json
2020-07-04 16:25:31,896 - __main__ - INFO - Total record read 0
2020-07-04 16:25:31,906 - __main__ - INFO - Read complete for record 4 and SeriesID 1622
2020-07-04 16:25:31,907 - __main__ - INFO - =====================
2020-07-04 16:25:31,917 - __main__ - INFO - =====================
2020-07-04 16:25:31,923 - __main__ - INFO - Starting to read records for record 5 and SeriesID 1623 for Batch 0
2020-07-04 16:25:33,566 - __main__ - INFO - http://data.commoditymarkets.com/SoleraAdvisors/Value_Weekly?$filter=SeriesID eq 1623 AND LastModified gt 2020-07-01T14:06:31.313000Z &$top=2000&$skip=0& $format=json
2020-07-04 16:25:33,586 - __main__ - INFO - Total record read 0
2020-07-04 16:25:33,595 - __main__ - INFO - Read complete for record 5 and SeriesID 1623
2020-07-04 16:25:33,595 - __main__ - INFO - =====================
2020-07-04 16:25:33,603 - __main__ - INFO - =====================
2020-07-04 16:25:33,612 - __main__ - INFO - Starting to read records for record 6 and SeriesID 1624 for Batch 0
2020-07-04 16:25:35,362 - __main__ - INFO - http://data.commoditymarkets.com/SoleraAdvisors/Value_Weekly?$filter=SeriesID eq 1624 AND LastModified gt 2020-07-01T14:06:31.313000Z &$top=2000&$skip=0& $format=json
2020-07-04 16:25:35,390 - __main__ - INFO - Total record read 0
2020-07-04 16:25:35,400 - __main__ - INFO - Read complete for record 6 and SeriesID 1624
2020-07-04 16:25:35,401 - __main__ - INFO - =====================
2020-07-04 16:25:35,413 - __main__ - INFO - =====================
2020-07-04 16:25:35,425 - __main__ - INFO - Starting to read records for record 7 and SeriesID 1625 for Batch 0
2020-07-04 16:25:38,975 - __main__ - INFO - http://data.commoditymarkets.com/SoleraAdvisors/Value_Weekly?$filter=SeriesID eq 1625 AND LastModified gt 2016-01-01T00:00:00Z &$top=2000&$skip=0& $format=json
2020-07-04 16:25:39,081 - __main__ - INFO - Batch 0 read count 2000
2020-07-04 16:25:43,163 - __main__ - INFO - =====================
2020-07-04 16:25:43,176 - __main__ - INFO - Starting to read records for record 7 and SeriesID 1625 for Batch 1
2020-07-04 16:25:46,342 - __main__ - INFO - http://data.commoditymarkets.com/SoleraAdvisors/Value_Weekly?$filter=SeriesID eq 1625 AND LastModified gt 2016-01-01T00:00:00Z &$top=2000&$skip=2000& $format=json
2020-07-04 16:25:46,374 - __main__ - INFO - Batch 1 read count 2225
2020-07-04 16:25:46,941 - __main__ - INFO - =====================
2020-07-04 16:25:46,951 - __main__ - INFO - Starting to read records for record 7 and SeriesID 1625 for Batch 2
2020-07-04 16:25:49,998 - __main__ - INFO - http://data.commoditymarkets.com/SoleraAdvisors/Value_Weekly?$filter=SeriesID eq 1625 AND LastModified gt 2016-01-01T00:00:00Z &$top=2000&$skip=4000& $format=json
2020-07-04 16:25:50,018 - __main__ - INFO - Total record read 2225
2020-07-04 16:25:50,027 - __main__ - INFO - Read complete for record 7 and SeriesID 1625
2020-07-04 16:25:50,027 - __main__ - INFO - =====================
2020-07-04 16:29:08,357 - __main__ - INFO - =====================
2020-07-04 16:29:08,368 - __main__ - INFO - Starting to read records for record 3 and SeriesID 1621 for Batch 0
2020-07-04 16:29:11,923 - __main__ - INFO - http://data.commoditymarkets.com/SoleraAdvisors/Value_Weekly?$filter=SeriesID eq 1621 AND LastModified gt 2016-01-01T00:00:00Z &$top=2000&$skip=0& $format=json
2020-07-04 16:29:12,030 - __main__ - INFO - Batch 0 read count 2000
2020-07-04 16:29:16,185 - __main__ - INFO - =====================
2020-07-04 16:29:16,192 - __main__ - INFO - Starting to read records for record 3 and SeriesID 1621 for Batch 1
2020-07-04 16:29:19,400 - __main__ - INFO - http://data.commoditymarkets.com/SoleraAdvisors/Value_Weekly?$filter=SeriesID eq 1621 AND LastModified gt 2016-01-01T00:00:00Z &$top=2000&$skip=2000& $format=json
2020-07-04 16:29:19,434 - __main__ - INFO - Batch 1 read count 2225
2020-07-04 16:29:19,882 - __main__ - INFO - =====================
2020-07-04 16:29:19,891 - __main__ - INFO - Starting to read records for record 3 and SeriesID 1621 for Batch 2
2020-07-04 16:29:22,986 - __main__ - INFO - http://data.commoditymarkets.com/SoleraAdvisors/Value_Weekly?$filter=SeriesID eq 1621 AND LastModified gt 2016-01-01T00:00:00Z &$top=2000&$skip=4000& $format=json
2020-07-04 16:29:23,009 - __main__ - INFO - Total record read 2225
2020-07-04 16:29:33,020 - __main__ - INFO - Read complete for record 3 and SeriesID 1621
2020-07-04 16:29:33,020 - __main__ - INFO - =====================
2020-07-04 16:29:33,028 - __main__ - INFO - =====================
2020-07-04 16:29:33,034 - __main__ - INFO - Starting to read records for record 1 and SeriesID 62727 for Batch 0
2020-07-04 16:29:36,593 - __main__ - INFO - http://data.commoditymarkets.com/SoleraAdvisors/Value_Weekly?$filter=SeriesID eq 62727 AND LastModified gt 2016-01-01T00:00:00Z &$top=2000&$skip=0& $format=json
2020-07-04 16:29:36,648 - __main__ - INFO - Batch 0 read count 1114
2020-07-04 16:29:38,917 - __main__ - INFO - =====================
2020-07-04 16:29:38,924 - __main__ - INFO - Starting to read records for record 1 and SeriesID 62727 for Batch 1
2020-07-04 16:29:42,060 - __main__ - INFO - http://data.commoditymarkets.com/SoleraAdvisors/Value_Weekly?$filter=SeriesID eq 62727 AND LastModified gt 2016-01-01T00:00:00Z &$top=2000&$skip=2000& $format=json
2020-07-04 16:29:42,076 - __main__ - INFO - Total record read 1114
2020-07-04 16:29:52,083 - __main__ - INFO - Read complete for record 1 and SeriesID 62727
2020-07-04 16:29:52,083 - __main__ - INFO - =====================
2020-07-04 16:29:52,106 - __main__ - INFO - =====================
2020-07-04 16:29:52,128 - __main__ - INFO - Starting to read records for record 4 and SeriesID 1622 for Batch 0
2020-07-04 16:29:57,026 - __main__ - INFO - http://data.commoditymarkets.com/SoleraAdvisors/Value_Weekly?$filter=SeriesID eq 1622 AND LastModified gt 2016-01-01T00:00:00Z &$top=2000&$skip=0& $format=json
2020-07-04 16:29:57,132 - __main__ - INFO - Batch 0 read count 2000
2020-07-04 16:30:01,191 - __main__ - INFO - =====================
2020-07-04 16:30:01,198 - __main__ - INFO - Starting to read records for record 4 and SeriesID 1622 for Batch 1
2020-07-04 16:30:04,997 - __main__ - INFO - http://data.commoditymarkets.com/SoleraAdvisors/Value_Weekly?$filter=SeriesID eq 1622 AND LastModified gt 2016-01-01T00:00:00Z &$top=2000&$skip=2000& $format=json
2020-07-04 16:30:05,026 - __main__ - INFO - Batch 1 read count 2225
2020-07-04 16:30:05,541 - __main__ - INFO - =====================
2020-07-04 16:30:05,550 - __main__ - INFO - Starting to read records for record 4 and SeriesID 1622 for Batch 2
2020-07-04 16:30:08,641 - __main__ - INFO - http://data.commoditymarkets.com/SoleraAdvisors/Value_Weekly?$filter=SeriesID eq 1622 AND LastModified gt 2016-01-01T00:00:00Z &$top=2000&$skip=4000& $format=json
2020-07-04 16:30:08,660 - __main__ - INFO - Total record read 2225
2020-07-04 16:30:18,667 - __main__ - INFO - Read complete for record 4 and SeriesID 1622
2020-07-04 16:30:18,667 - __main__ - INFO - =====================
2020-07-04 16:30:18,714 - __main__ - INFO - =====================
2020-07-04 16:30:18,721 - __main__ - INFO - Starting to read records for record 5 and SeriesID 1623 for Batch 0
2020-07-04 16:30:22,312 - __main__ - INFO - http://data.commoditymarkets.com/SoleraAdvisors/Value_Weekly?$filter=SeriesID eq 1623 AND LastModified gt 2016-01-01T00:00:00Z &$top=2000&$skip=0& $format=json
2020-07-04 16:30:22,427 - __main__ - INFO - Batch 0 read count 2000
2020-07-04 16:30:26,632 - __main__ - INFO - =====================
2020-07-04 16:30:26,638 - __main__ - INFO - Starting to read records for record 5 and SeriesID 1623 for Batch 1
2020-07-04 16:30:29,739 - __main__ - INFO - http://data.commoditymarkets.com/SoleraAdvisors/Value_Weekly?$filter=SeriesID eq 1623 AND LastModified gt 2016-01-01T00:00:00Z &$top=2000&$skip=2000& $format=json
2020-07-04 16:30:29,776 - __main__ - INFO - Batch 1 read count 2225
2020-07-04 16:30:30,293 - __main__ - INFO - =====================
2020-07-04 16:30:30,301 - __main__ - INFO - Starting to read records for record 5 and SeriesID 1623 for Batch 2
2020-07-04 16:30:33,396 - __main__ - INFO - http://data.commoditymarkets.com/SoleraAdvisors/Value_Weekly?$filter=SeriesID eq 1623 AND LastModified gt 2016-01-01T00:00:00Z &$top=2000&$skip=4000& $format=json
2020-07-04 16:30:33,428 - __main__ - INFO - Total record read 2225
2020-07-04 16:30:43,438 - __main__ - INFO - Read complete for record 5 and SeriesID 1623
2020-07-04 16:30:43,438 - __main__ - INFO - =====================
2020-07-04 16:30:43,465 - __main__ - INFO - =====================
2020-07-04 16:30:43,488 - __main__ - INFO - Starting to read records for record 6 and SeriesID 1624 for Batch 0
2020-07-04 16:30:48,028 - __main__ - INFO - http://data.commoditymarkets.com/SoleraAdvisors/Value_Weekly?$filter=SeriesID eq 1624 AND LastModified gt 2016-01-01T00:00:00Z &$top=2000&$skip=0& $format=json
2020-07-04 16:30:48,137 - __main__ - INFO - Batch 0 read count 2000
2020-07-04 16:30:52,293 - __main__ - INFO - =====================
2020-07-04 16:30:52,302 - __main__ - INFO - Starting to read records for record 6 and SeriesID 1624 for Batch 1
2020-07-04 16:30:58,000 - __main__ - INFO - http://data.commoditymarkets.com/SoleraAdvisors/Value_Weekly?$filter=SeriesID eq 1624 AND LastModified gt 2016-01-01T00:00:00Z &$top=2000&$skip=2000& $format=json
2020-07-04 16:30:58,025 - __main__ - INFO - Batch 1 read count 2225
2020-07-04 16:30:58,475 - __main__ - INFO - =====================
2020-07-04 16:30:58,484 - __main__ - INFO - Starting to read records for record 6 and SeriesID 1624 for Batch 2
2020-07-04 16:31:01,529 - __main__ - INFO - http://data.commoditymarkets.com/SoleraAdvisors/Value_Weekly?$filter=SeriesID eq 1624 AND LastModified gt 2016-01-01T00:00:00Z &$top=2000&$skip=4000& $format=json
2020-07-04 16:31:01,562 - __main__ - INFO - Total record read 2225
2020-07-04 16:31:11,573 - __main__ - INFO - Read complete for record 6 and SeriesID 1624
2020-07-04 16:31:11,573 - __main__ - INFO - =====================
2020-07-04 16:31:11,600 - __main__ - INFO - =====================
2020-07-04 16:31:11,608 - __main__ - INFO - Starting to read records for record 7 and SeriesID 1625 for Batch 0
2020-07-04 16:31:15,960 - __main__ - INFO - http://data.commoditymarkets.com/SoleraAdvisors/Value_Weekly?$filter=SeriesID eq 1625 AND LastModified gt 2016-01-01T00:00:00Z &$top=2000&$skip=0& $format=json
2020-07-04 16:31:16,067 - __main__ - INFO - Batch 0 read count 2000
2020-07-04 16:31:20,238 - __main__ - INFO - =====================
2020-07-04 16:31:20,248 - __main__ - INFO - Starting to read records for record 7 and SeriesID 1625 for Batch 1
2020-07-04 16:31:25,411 - __main__ - INFO - http://data.commoditymarkets.com/SoleraAdvisors/Value_Weekly?$filter=SeriesID eq 1625 AND LastModified gt 2016-01-01T00:00:00Z &$top=2000&$skip=2000& $format=json
2020-07-04 16:31:25,466 - __main__ - INFO - Batch 1 read count 2225
2020-07-04 16:31:25,992 - __main__ - INFO - =====================
2020-07-04 16:31:26,004 - __main__ - INFO - Starting to read records for record 7 and SeriesID 1625 for Batch 2
2020-07-04 16:31:34,615 - __main__ - INFO - http://data.commoditymarkets.com/SoleraAdvisors/Value_Weekly?$filter=SeriesID eq 1625 AND LastModified gt 2016-01-01T00:00:00Z &$top=2000&$skip=4000& $format=json
2020-07-04 16:31:34,636 - __main__ - INFO - Total record read 2225
2020-07-04 16:31:44,645 - __main__ - INFO - Read complete for record 7 and SeriesID 1625
2020-07-04 16:31:44,645 - __main__ - INFO - =====================
2020-07-04 16:33:27,536 - __main__ - INFO - =====================
2020-07-04 16:33:27,543 - __main__ - INFO - Starting to read records for record 3 and SeriesID 1621 for Batch 0
2020-07-04 16:33:31,010 - __main__ - INFO - http://data.commoditymarkets.com/SoleraAdvisors/Value_Weekly?$filter=SeriesID eq 1621 AND LastModified gt 2016-01-01T00:00:00Z &$top=2000&$skip=0& $format=json
2020-07-04 16:33:31,125 - __main__ - INFO - Batch 0 read count 2000
2020-07-04 16:33:35,305 - __main__ - INFO - =====================
2020-07-04 16:33:35,311 - __main__ - INFO - Starting to read records for record 3 and SeriesID 1621 for Batch 1
2020-07-04 16:33:38,360 - __main__ - INFO - http://data.commoditymarkets.com/SoleraAdvisors/Value_Weekly?$filter=SeriesID eq 1621 AND LastModified gt 2016-01-01T00:00:00Z &$top=2000&$skip=2000& $format=json
2020-07-04 16:33:38,412 - __main__ - INFO - Batch 1 read count 2225
2020-07-04 16:33:38,978 - __main__ - INFO - =====================
2020-07-04 16:33:38,990 - __main__ - INFO - Starting to read records for record 3 and SeriesID 1621 for Batch 2
2020-07-04 16:33:42,021 - __main__ - INFO - http://data.commoditymarkets.com/SoleraAdvisors/Value_Weekly?$filter=SeriesID eq 1621 AND LastModified gt 2016-01-01T00:00:00Z &$top=2000&$skip=4000& $format=json
2020-07-04 16:33:42,034 - __main__ - INFO - Total record read 2225
2020-07-04 16:33:52,042 - __main__ - INFO - Read complete for record 3 and SeriesID 1621
2020-07-04 16:33:52,042 - __main__ - INFO - =====================
2020-07-04 16:33:52,051 - __main__ - INFO - =====================
2020-07-04 16:33:52,058 - __main__ - INFO - Starting to read records for record 1 and SeriesID 62727 for Batch 0
2020-07-04 16:33:55,603 - __main__ - INFO - http://data.commoditymarkets.com/SoleraAdvisors/Value_Weekly?$filter=SeriesID eq 62727 AND LastModified gt 2016-01-01T00:00:00Z &$top=2000&$skip=0& $format=json
2020-07-04 16:33:55,747 - __main__ - INFO - Batch 0 read count 1114
2020-07-04 16:33:57,987 - __main__ - INFO - =====================
2020-07-04 16:33:57,999 - __main__ - INFO - Starting to read records for record 1 and SeriesID 62727 for Batch 1
2020-07-04 16:34:09,221 - __main__ - INFO - http://data.commoditymarkets.com/SoleraAdvisors/Value_Weekly?$filter=SeriesID eq 62727 AND LastModified gt 2016-01-01T00:00:00Z &$top=2000&$skip=2000& $format=json
2020-07-04 16:34:09,245 - __main__ - INFO - Total record read 1114
2020-07-04 16:34:19,257 - __main__ - INFO - Read complete for record 1 and SeriesID 62727
2020-07-04 16:34:19,257 - __main__ - INFO - =====================
2020-07-04 16:34:19,279 - __main__ - INFO - =====================
2020-07-04 16:34:19,301 - __main__ - INFO - Starting to read records for record 4 and SeriesID 1622 for Batch 0
2020-07-04 16:34:23,254 - __main__ - INFO - http://data.commoditymarkets.com/SoleraAdvisors/Value_Weekly?$filter=SeriesID eq 1622 AND LastModified gt 2016-01-01T00:00:00Z &$top=2000&$skip=0& $format=json
2020-07-04 16:34:23,368 - __main__ - INFO - Batch 0 read count 2000
2020-07-04 16:34:27,626 - __main__ - INFO - =====================
2020-07-04 16:34:27,632 - __main__ - INFO - Starting to read records for record 4 and SeriesID 1622 for Batch 1
2020-07-04 16:34:35,413 - __main__ - INFO - http://data.commoditymarkets.com/SoleraAdvisors/Value_Weekly?$filter=SeriesID eq 1622 AND LastModified gt 2016-01-01T00:00:00Z &$top=2000&$skip=2000& $format=json
2020-07-04 16:34:35,460 - __main__ - INFO - Batch 1 read count 2225
2020-07-04 16:34:35,976 - __main__ - INFO - =====================
2020-07-04 16:34:35,986 - __main__ - INFO - Starting to read records for record 4 and SeriesID 1622 for Batch 2
2020-07-04 16:34:39,936 - __main__ - INFO - http://data.commoditymarkets.com/SoleraAdvisors/Value_Weekly?$filter=SeriesID eq 1622 AND LastModified gt 2016-01-01T00:00:00Z &$top=2000&$skip=4000& $format=json
2020-07-04 16:34:39,958 - __main__ - INFO - Total record read 2225
2020-07-04 16:34:49,967 - __main__ - INFO - Read complete for record 4 and SeriesID 1622
2020-07-04 16:34:49,967 - __main__ - INFO - =====================
2020-07-04 16:34:49,976 - __main__ - INFO - =====================
2020-07-04 16:34:49,988 - __main__ - INFO - Starting to read records for record 5 and SeriesID 1623 for Batch 0
2020-07-04 16:34:53,490 - __main__ - INFO - http://data.commoditymarkets.com/SoleraAdvisors/Value_Weekly?$filter=SeriesID eq 1623 AND LastModified gt 2016-01-01T00:00:00Z &$top=2000&$skip=0& $format=json
2020-07-04 16:34:53,602 - __main__ - INFO - Batch 0 read count 2000
2020-07-04 16:34:58,072 - __main__ - INFO - =====================
2020-07-04 16:34:58,079 - __main__ - INFO - Starting to read records for record 5 and SeriesID 1623 for Batch 1
2020-07-04 16:35:01,254 - __main__ - INFO - http://data.commoditymarkets.com/SoleraAdvisors/Value_Weekly?$filter=SeriesID eq 1623 AND LastModified gt 2016-01-01T00:00:00Z &$top=2000&$skip=2000& $format=json
2020-07-04 16:35:01,298 - __main__ - INFO - Batch 1 read count 2225
2020-07-04 16:35:01,972 - __main__ - INFO - =====================
2020-07-04 16:35:01,981 - __main__ - INFO - Starting to read records for record 5 and SeriesID 1623 for Batch 2
2020-07-04 16:35:05,128 - __main__ - INFO - http://data.commoditymarkets.com/SoleraAdvisors/Value_Weekly?$filter=SeriesID eq 1623 AND LastModified gt 2016-01-01T00:00:00Z &$top=2000&$skip=4000& $format=json
2020-07-04 16:35:05,155 - __main__ - INFO - Total record read 2225
2020-07-04 16:35:15,167 - __main__ - INFO - Read complete for record 5 and SeriesID 1623
2020-07-04 16:35:15,167 - __main__ - INFO - =====================
2020-07-04 16:35:15,190 - __main__ - INFO - =====================
2020-07-04 16:35:15,205 - __main__ - INFO - Starting to read records for record 6 and SeriesID 1624 for Batch 0
2020-07-04 16:35:18,645 - __main__ - INFO - http://data.commoditymarkets.com/SoleraAdvisors/Value_Weekly?$filter=SeriesID eq 1624 AND LastModified gt 2016-01-01T00:00:00Z &$top=2000&$skip=0& $format=json
2020-07-04 16:35:18,758 - __main__ - INFO - Batch 0 read count 2000
2020-07-04 16:35:22,724 - __main__ - INFO - =====================
2020-07-04 16:35:22,731 - __main__ - INFO - Starting to read records for record 6 and SeriesID 1624 for Batch 1
2020-07-04 16:35:25,811 - __main__ - INFO - http://data.commoditymarkets.com/SoleraAdvisors/Value_Weekly?$filter=SeriesID eq 1624 AND LastModified gt 2016-01-01T00:00:00Z &$top=2000&$skip=2000& $format=json
2020-07-04 16:35:25,857 - __main__ - INFO - Batch 1 read count 2225
2020-07-04 16:35:26,394 - __main__ - INFO - =====================
2020-07-04 16:35:26,404 - __main__ - INFO - Starting to read records for record 6 and SeriesID 1624 for Batch 2
2020-07-04 16:35:29,552 - __main__ - INFO - http://data.commoditymarkets.com/SoleraAdvisors/Value_Weekly?$filter=SeriesID eq 1624 AND LastModified gt 2016-01-01T00:00:00Z &$top=2000&$skip=4000& $format=json
2020-07-04 16:35:29,585 - __main__ - INFO - Total record read 2225
2020-07-04 16:35:39,597 - __main__ - INFO - Read complete for record 6 and SeriesID 1624
2020-07-04 16:35:39,597 - __main__ - INFO - =====================
2020-07-04 16:35:39,610 - __main__ - INFO - =====================
2020-07-04 16:35:39,618 - __main__ - INFO - Starting to read records for record 7 and SeriesID 1625 for Batch 0
2020-07-04 16:35:43,803 - __main__ - INFO - http://data.commoditymarkets.com/SoleraAdvisors/Value_Weekly?$filter=SeriesID eq 1625 AND LastModified gt 2016-01-01T00:00:00Z &$top=2000&$skip=0& $format=json
2020-07-04 16:35:43,917 - __main__ - INFO - Batch 0 read count 2000
2020-07-04 16:35:47,983 - __main__ - INFO - =====================
2020-07-04 16:35:47,994 - __main__ - INFO - Starting to read records for record 7 and SeriesID 1625 for Batch 1
2020-07-04 16:35:51,159 - __main__ - INFO - http://data.commoditymarkets.com/SoleraAdvisors/Value_Weekly?$filter=SeriesID eq 1625 AND LastModified gt 2016-01-01T00:00:00Z &$top=2000&$skip=2000& $format=json
2020-07-04 16:35:51,199 - __main__ - INFO - Batch 1 read count 2225
2020-07-04 16:35:51,664 - __main__ - INFO - =====================
2020-07-04 16:35:51,670 - __main__ - INFO - Starting to read records for record 7 and SeriesID 1625 for Batch 2
2020-07-04 16:35:54,735 - __main__ - INFO - http://data.commoditymarkets.com/SoleraAdvisors/Value_Weekly?$filter=SeriesID eq 1625 AND LastModified gt 2016-01-01T00:00:00Z &$top=2000&$skip=4000& $format=json
2020-07-04 16:35:54,757 - __main__ - INFO - Total record read 2225
2020-07-04 16:36:04,767 - __main__ - INFO - Read complete for record 7 and SeriesID 1625
2020-07-04 16:36:04,767 - __main__ - INFO - =====================
2020-07-04 16:37:06,109 - __main__ - INFO - =====================
2020-07-04 16:37:06,118 - __main__ - INFO - Starting to read records for record 7 and SeriesID 1625 for Batch 0
2020-07-04 16:37:08,143 - __main__ - INFO - http://data.commoditymarkets.com/SoleraAdvisors/Value_Weekly?$filter=SeriesID eq 1625 AND LastModified gt 2020-07-01T14:06:31.313000Z &$top=2000&$skip=0& $format=json
2020-07-04 16:37:08,156 - __main__ - INFO - Total record read 0
2020-07-04 16:37:18,164 - __main__ - INFO - Read complete for record 7 and SeriesID 1625
2020-07-04 16:37:18,164 - __main__ - INFO - =====================
2020-07-04 16:37:18,195 - __main__ - INFO - =====================
2020-07-04 16:37:18,209 - __main__ - INFO - Starting to read records for record 3 and SeriesID 1621 for Batch 0
2020-07-04 16:37:20,553 - __main__ - INFO - http://data.commoditymarkets.com/SoleraAdvisors/Value_Weekly?$filter=SeriesID eq 1621 AND LastModified gt 2020-07-01T14:06:31.313000Z &$top=2000&$skip=0& $format=json
2020-07-04 16:37:20,582 - __main__ - INFO - Total record read 0
2020-07-04 16:37:30,592 - __main__ - INFO - Read complete for record 3 and SeriesID 1621
2020-07-04 16:37:30,592 - __main__ - INFO - =====================
2020-07-04 16:37:30,605 - __main__ - INFO - =====================
2020-07-04 16:37:30,614 - __main__ - INFO - Starting to read records for record 1 and SeriesID 62727 for Batch 0
2020-07-04 16:37:32,243 - __main__ - INFO - http://data.commoditymarkets.com/SoleraAdvisors/Value_Weekly?$filter=SeriesID eq 62727 AND LastModified gt 2020-07-01T13:53:23.837000Z &$top=2000&$skip=0& $format=json
2020-07-04 16:37:32,258 - __main__ - INFO - Total record read 0
2020-07-04 16:37:42,266 - __main__ - INFO - Read complete for record 1 and SeriesID 62727
2020-07-04 16:37:42,266 - __main__ - INFO - =====================
2020-07-04 16:37:42,283 - __main__ - INFO - =====================
2020-07-04 16:37:42,299 - __main__ - INFO - Starting to read records for record 4 and SeriesID 1622 for Batch 0
2020-07-04 16:37:43,933 - __main__ - INFO - http://data.commoditymarkets.com/SoleraAdvisors/Value_Weekly?$filter=SeriesID eq 1622 AND LastModified gt 2020-07-01T14:06:31.313000Z &$top=2000&$skip=0& $format=json
2020-07-04 16:37:43,954 - __main__ - INFO - Total record read 0
2020-07-04 16:37:53,968 - __main__ - INFO - Read complete for record 4 and SeriesID 1622
2020-07-04 16:37:53,968 - __main__ - INFO - =====================
2020-07-04 16:37:53,982 - __main__ - INFO - =====================
2020-07-04 16:37:53,992 - __main__ - INFO - Starting to read records for record 5 and SeriesID 1623 for Batch 0
2020-07-04 16:37:55,638 - __main__ - INFO - http://data.commoditymarkets.com/SoleraAdvisors/Value_Weekly?$filter=SeriesID eq 1623 AND LastModified gt 2020-07-01T14:06:31.313000Z &$top=2000&$skip=0& $format=json
2020-07-04 16:37:55,663 - __main__ - INFO - Total record read 0
2020-07-04 16:38:05,671 - __main__ - INFO - Read complete for record 5 and SeriesID 1623
2020-07-04 16:38:05,671 - __main__ - INFO - =====================
2020-07-04 16:38:05,681 - __main__ - INFO - =====================
2020-07-04 16:38:05,691 - __main__ - INFO - Starting to read records for record 6 and SeriesID 1624 for Batch 0
2020-07-04 16:38:07,343 - __main__ - INFO - http://data.commoditymarkets.com/SoleraAdvisors/Value_Weekly?$filter=SeriesID eq 1624 AND LastModified gt 2020-07-01T14:06:31.313000Z &$top=2000&$skip=0& $format=json
2020-07-04 16:38:07,371 - __main__ - INFO - Total record read 0
2020-07-04 16:38:17,383 - __main__ - INFO - Read complete for record 6 and SeriesID 1624
2020-07-04 16:38:17,383 - __main__ - INFO - =====================
2020-07-04 16:46:37,614 - __main__ - INFO - *************************************
2020-07-04 16:46:37,615 - __main__ - INFO - Executing the code for SeriesID 1625 and AreadId nanand LastModifiedDate 2020-07-01 14:06:31.313000
2020-07-04 16:46:46,418 - __main__ - INFO - *************************************
2020-07-04 16:46:46,418 - __main__ - INFO - Executing the code for SeriesID 1621 and AreadId nanand LastModifiedDate 2020-07-01 14:06:31.313000
2020-07-04 16:46:46,435 - __main__ - INFO - =====================
2020-07-04 16:46:46,443 - __main__ - INFO - Starting to read records for record 3 and SeriesID 1621 for Batch 0
2020-07-04 16:46:48,583 - __main__ - INFO - http://data.commoditymarkets.com/SoleraAdvisors/Value_Weekly?$filter=AreaID eq nan AND SeriesID eq 1621AND LastModified gt 2020-07-01T14:06:31.313000Z &$top=2000&$skip=0& $format=json
2020-07-04 16:48:18,740 - __main__ - INFO - *************************************
2020-07-04 16:48:18,741 - __main__ - INFO - Executing the code for SeriesID 62727 and AreadId nanand LastModifiedDate 2020-07-01 13:53:23.837000
2020-07-04 16:48:18,756 - __main__ - INFO - =====================
2020-07-04 16:48:18,763 - __main__ - INFO - Starting to read records for record 1 and SeriesID 62727 for Batch 0
2020-07-04 16:48:20,683 - __main__ - INFO - http://data.commoditymarkets.com/SoleraAdvisors/Value_Weekly?$filter=SeriesID eq 62727 AND LastModified gt 2020-07-01T13:53:23.837000Z &$top=2000&$skip=0& $format=json
2020-07-04 16:48:20,706 - __main__ - INFO - Total record read 0
2020-07-04 16:48:30,719 - __main__ - INFO - Read complete for record 1 and SeriesID 62727
2020-07-04 16:48:30,719 - __main__ - INFO - =====================
2020-07-04 16:48:30,750 - __main__ - INFO - *************************************
2020-07-04 16:48:30,751 - __main__ - INFO - Executing the code for SeriesID 1622 and AreadId nanand LastModifiedDate 2020-07-01 14:06:31.313000
2020-07-04 16:48:30,779 - __main__ - INFO - =====================
2020-07-04 16:48:30,790 - __main__ - INFO - Starting to read records for record 4 and SeriesID 1622 for Batch 0
2020-07-04 16:48:32,411 - __main__ - INFO - http://data.commoditymarkets.com/SoleraAdvisors/Value_Weekly?$filter=SeriesID eq 1622 AND LastModified gt 2020-07-01T14:06:31.313000Z &$top=2000&$skip=0& $format=json
2020-07-04 16:48:32,437 - __main__ - INFO - Total record read 0
2020-07-04 16:48:42,453 - __main__ - INFO - Read complete for record 4 and SeriesID 1622
2020-07-04 16:48:42,453 - __main__ - INFO - =====================
2020-07-04 16:48:42,474 - __main__ - INFO - *************************************
2020-07-04 16:48:42,475 - __main__ - INFO - Executing the code for SeriesID 1623 and AreadId nanand LastModifiedDate 2020-07-01 14:06:31.313000
2020-07-04 16:48:42,504 - __main__ - INFO - =====================
2020-07-04 16:48:42,517 - __main__ - INFO - Starting to read records for record 5 and SeriesID 1623 for Batch 0
2020-07-04 16:48:44,350 - __main__ - INFO - http://data.commoditymarkets.com/SoleraAdvisors/Value_Weekly?$filter=SeriesID eq 1623 AND LastModified gt 2020-07-01T14:06:31.313000Z &$top=2000&$skip=0& $format=json
2020-07-04 16:48:44,379 - __main__ - INFO - Total record read 0
2020-07-04 16:48:54,390 - __main__ - INFO - Read complete for record 5 and SeriesID 1623
2020-07-04 16:48:54,390 - __main__ - INFO - =====================
2020-07-04 16:48:54,409 - __main__ - INFO - *************************************
2020-07-04 16:48:54,410 - __main__ - INFO - Executing the code for SeriesID 1624 and AreadId nanand LastModifiedDate 2020-07-01 14:06:31.313000
2020-07-04 16:48:54,433 - __main__ - INFO - =====================
2020-07-04 16:48:54,440 - __main__ - INFO - Starting to read records for record 6 and SeriesID 1624 for Batch 0
2020-07-04 16:48:57,814 - __main__ - INFO - http://data.commoditymarkets.com/SoleraAdvisors/Value_Weekly?$filter=SeriesID eq 1624 AND LastModified gt 2020-07-01T14:06:31.313000Z &$top=2000&$skip=0& $format=json
2020-07-04 16:48:57,844 - __main__ - INFO - Total record read 0
2020-07-04 16:49:07,857 - __main__ - INFO - Read complete for record 6 and SeriesID 1624
2020-07-04 16:49:07,857 - __main__ - INFO - =====================
2020-07-04 16:49:07,882 - __main__ - INFO - *************************************
2020-07-04 16:49:07,882 - __main__ - INFO - Executing the code for SeriesID 62947 and AreadId 1.0and LastModifiedDate 2018-07-01 00:00:00
2020-07-04 16:49:07,918 - __main__ - INFO - =====================
2020-07-04 16:49:07,935 - __main__ - INFO - Starting to read records for record 8 and SeriesID 62947 for Batch 0
2020-07-04 16:49:09,664 - __main__ - INFO - http://data.commoditymarkets.com/SoleraAdvisors/Value_Weekly?$filter=AreaID eq 1.0 AND SeriesID eq 62947AND LastModified gt 2018-07-01T00:00:00Z &$top=2000&$skip=0& $format=json
2020-07-04 16:49:09,702 - __main__ - INFO - Batch 0 read count 406
2020-07-04 16:49:10,566 - __main__ - INFO - =====================
2020-07-04 16:49:10,575 - __main__ - INFO - Starting to read records for record 8 and SeriesID 62947 for Batch 1
2020-07-04 16:49:12,225 - __main__ - INFO - http://data.commoditymarkets.com/SoleraAdvisors/Value_Weekly?$filter=AreaID eq 1.0 AND SeriesID eq 62947AND LastModified gt 2018-07-01T00:00:00Z &$top=2000&$skip=2000& $format=json
2020-07-04 16:49:12,254 - __main__ - INFO - Total record read 406
2020-07-04 16:49:22,262 - __main__ - INFO - Read complete for record 8 and SeriesID 62947
2020-07-04 16:49:22,262 - __main__ - INFO - =====================
2020-07-04 16:49:22,272 - __main__ - INFO - *************************************
2020-07-04 16:49:22,272 - __main__ - INFO - Executing the code for SeriesID 1625 and AreadId nanand LastModifiedDate 2020-07-01 14:06:31.313000
2020-07-04 16:49:22,288 - __main__ - INFO - =====================
2020-07-04 16:49:22,297 - __main__ - INFO - Starting to read records for record 7 and SeriesID 1625 for Batch 0
2020-07-04 16:49:26,097 - __main__ - INFO - http://data.commoditymarkets.com/SoleraAdvisors/Value_Weekly?$filter=SeriesID eq 1625 AND LastModified gt 2020-07-01T14:06:31.313000Z &$top=2000&$skip=0& $format=json
2020-07-04 16:49:26,125 - __main__ - INFO - Total record read 0
2020-07-04 16:49:36,138 - __main__ - INFO - Read complete for record 7 and SeriesID 1625
2020-07-04 16:49:36,138 - __main__ - INFO - =====================
2020-07-04 16:49:36,162 - __main__ - INFO - *************************************
2020-07-04 16:49:36,163 - __main__ - INFO - Executing the code for SeriesID 1621 and AreadId nanand LastModifiedDate 2020-07-01 14:06:31.313000
2020-07-04 16:49:36,206 - __main__ - INFO - =====================
2020-07-04 16:49:36,220 - __main__ - INFO - Starting to read records for record 3 and SeriesID 1621 for Batch 0
2020-07-04 16:49:40,326 - __main__ - INFO - http://data.commoditymarkets.com/SoleraAdvisors/Value_Weekly?$filter=SeriesID eq 1621 AND LastModified gt 2020-07-01T14:06:31.313000Z &$top=2000&$skip=0& $format=json
2020-07-04 16:49:40,354 - __main__ - INFO - Total record read 0
2020-07-04 16:49:50,366 - __main__ - INFO - Read complete for record 3 and SeriesID 1621
2020-07-04 16:49:50,366 - __main__ - INFO - =====================
2020-07-04 16:51:18,788 - __main__ - INFO - *************************************
2020-07-04 16:51:18,790 - __main__ - INFO - Executing the code for SeriesID 62727 and AreadId nanand LastModifiedDate 2020-07-01 13:53:23.837000
2020-07-04 16:51:18,809 - __main__ - INFO - =====================
2020-07-04 16:51:18,817 - __main__ - INFO - Starting to read records for record 1 and SeriesID 62727 for Batch 0
2020-07-04 16:51:20,450 - __main__ - INFO - http://data.commoditymarkets.com/SoleraAdvisors/Value_Weekly?$filter=SeriesID eq 62727 AND LastModified gt 2020-07-01T13:53:23.837000Z &$top=2000&$skip=0& $format=json
2020-07-04 16:51:20,484 - __main__ - INFO - Total record read 0
2020-07-04 16:51:30,498 - __main__ - INFO - Read complete for record 1 and SeriesID 62727
2020-07-04 16:51:30,498 - __main__ - INFO - =====================
2020-07-04 16:51:30,527 - __main__ - INFO - *************************************
2020-07-04 16:51:30,528 - __main__ - INFO - Executing the code for SeriesID 1621 and AreadId nanand LastModifiedDate 2020-07-01 14:06:31.313000
2020-07-04 16:51:30,552 - __main__ - INFO - =====================
2020-07-04 16:51:30,561 - __main__ - INFO - Starting to read records for record 3 and SeriesID 1621 for Batch 0
2020-07-04 16:51:32,202 - __main__ - INFO - http://data.commoditymarkets.com/SoleraAdvisors/Value_Weekly?$filter=SeriesID eq 1621 AND LastModified gt 2020-07-01T14:06:31.313000Z &$top=2000&$skip=0& $format=json
2020-07-04 16:51:32,229 - __main__ - INFO - Total record read 0
2020-07-04 16:51:42,238 - __main__ - INFO - Read complete for record 3 and SeriesID 1621
2020-07-04 16:51:42,238 - __main__ - INFO - =====================
2020-07-04 16:51:42,261 - __main__ - INFO - *************************************
2020-07-04 16:51:42,261 - __main__ - INFO - Executing the code for SeriesID 1622 and AreadId nanand LastModifiedDate 2020-07-01 14:06:31.313000
2020-07-04 16:51:42,294 - __main__ - INFO - =====================
2020-07-04 16:51:42,306 - __main__ - INFO - Starting to read records for record 4 and SeriesID 1622 for Batch 0
2020-07-04 16:51:43,927 - __main__ - INFO - http://data.commoditymarkets.com/SoleraAdvisors/Value_Weekly?$filter=SeriesID eq 1622 AND LastModified gt 2020-07-01T14:06:31.313000Z &$top=2000&$skip=0& $format=json
2020-07-04 16:51:43,944 - __main__ - INFO - Total record read 0
2020-07-04 16:51:53,956 - __main__ - INFO - Read complete for record 4 and SeriesID 1622
2020-07-04 16:51:53,956 - __main__ - INFO - =====================
2020-07-04 16:51:53,967 - __main__ - INFO - *************************************
2020-07-04 16:51:53,968 - __main__ - INFO - Executing the code for SeriesID 1623 and AreadId nanand LastModifiedDate 2020-07-01 14:06:31.313000
2020-07-04 16:51:53,989 - __main__ - INFO - =====================
2020-07-04 16:51:54,000 - __main__ - INFO - Starting to read records for record 5 and SeriesID 1623 for Batch 0
2020-07-04 16:51:55,626 - __main__ - INFO - http://data.commoditymarkets.com/SoleraAdvisors/Value_Weekly?$filter=SeriesID eq 1623 AND LastModified gt 2020-07-01T14:06:31.313000Z &$top=2000&$skip=0& $format=json
2020-07-04 16:51:55,646 - __main__ - INFO - Total record read 0
2020-07-04 16:52:05,656 - __main__ - INFO - Read complete for record 5 and SeriesID 1623
2020-07-04 16:52:05,656 - __main__ - INFO - =====================
2020-07-04 16:52:05,685 - __main__ - INFO - *************************************
2020-07-04 16:52:05,685 - __main__ - INFO - Executing the code for SeriesID 1624 and AreadId nanand LastModifiedDate 2020-07-01 14:06:31.313000
2020-07-04 16:52:05,716 - __main__ - INFO - =====================
2020-07-04 16:52:05,730 - __main__ - INFO - Starting to read records for record 6 and SeriesID 1624 for Batch 0
2020-07-04 16:52:07,351 - __main__ - INFO - http://data.commoditymarkets.com/SoleraAdvisors/Value_Weekly?$filter=SeriesID eq 1624 AND LastModified gt 2020-07-01T14:06:31.313000Z &$top=2000&$skip=0& $format=json
2020-07-04 16:52:07,367 - __main__ - INFO - Total record read 0
2020-07-04 16:52:17,377 - __main__ - INFO - Read complete for record 6 and SeriesID 1624
2020-07-04 16:52:17,377 - __main__ - INFO - =====================
2020-07-04 16:52:17,401 - __main__ - INFO - *************************************
2020-07-04 16:52:17,401 - __main__ - INFO - Executing the code for SeriesID 1625 and AreadId nanand LastModifiedDate 2020-07-01 14:06:31.313000
2020-07-04 16:52:17,435 - __main__ - INFO - =====================
2020-07-04 16:52:17,445 - __main__ - INFO - Starting to read records for record 7 and SeriesID 1625 for Batch 0
2020-07-04 16:52:19,066 - __main__ - INFO - http://data.commoditymarkets.com/SoleraAdvisors/Value_Weekly?$filter=SeriesID eq 1625 AND LastModified gt 2020-07-01T14:06:31.313000Z &$top=2000&$skip=0& $format=json
2020-07-04 16:52:19,080 - __main__ - INFO - Total record read 0
2020-07-04 16:52:29,088 - __main__ - INFO - Read complete for record 7 and SeriesID 1625
2020-07-04 16:52:29,088 - __main__ - INFO - =====================
2020-07-04 16:52:29,106 - __main__ - INFO - *************************************
2020-07-04 16:52:29,107 - __main__ - INFO - Executing the code for SeriesID 62947 and AreadId 1.0and LastModifiedDate 2020-07-01 14:07:04.550000
2020-07-04 16:52:29,130 - __main__ - INFO - =====================
2020-07-04 16:52:29,141 - __main__ - INFO - Starting to read records for record 8 and SeriesID 62947 for Batch 0
2020-07-04 16:52:31,190 - __main__ - INFO - http://data.commoditymarkets.com/SoleraAdvisors/Value_Weekly?$filter=AreaID eq 1.0 AND SeriesID eq 62947AND LastModified gt 2020-07-01T14:07:04.550000Z &$top=2000&$skip=0& $format=json
2020-07-04 16:52:31,217 - __main__ - INFO - Total record read 0
2020-07-04 16:52:41,224 - __main__ - INFO - Read complete for record 8 and SeriesID 62947
2020-07-04 16:52:41,224 - __main__ - INFO - =====================
2020-07-04 16:52:41,244 - __main__ - INFO - *************************************
2020-07-04 16:52:41,244 - __main__ - INFO - Executing the code for SeriesID 62948 and AreadId 1.0and LastModifiedDate 2020-01-01 00:00:00
2020-07-04 16:52:41,271 - __main__ - INFO - =====================
2020-07-04 16:52:41,282 - __main__ - INFO - Starting to read records for record 10 and SeriesID 62948 for Batch 0
2020-07-04 16:52:42,927 - __main__ - INFO - http://data.commoditymarkets.com/SoleraAdvisors/Value_Weekly?$filter=AreaID eq 1.0 AND SeriesID eq 62948AND LastModified gt 2020-01-01T00:00:00Z &$top=2000&$skip=0& $format=json
2020-07-04 16:52:42,965 - __main__ - INFO - Batch 0 read count 30
2020-07-04 16:52:43,079 - __main__ - INFO - =====================
2020-07-04 16:52:43,089 - __main__ - INFO - Starting to read records for record 10 and SeriesID 62948 for Batch 1
2020-07-04 16:52:44,746 - __main__ - INFO - http://data.commoditymarkets.com/SoleraAdvisors/Value_Weekly?$filter=AreaID eq 1.0 AND SeriesID eq 62948AND LastModified gt 2020-01-01T00:00:00Z &$top=2000&$skip=2000& $format=json
2020-07-04 16:52:44,769 - __main__ - INFO - Total record read 30
2020-07-04 16:52:54,778 - __main__ - INFO - Read complete for record 10 and SeriesID 62948
2020-07-04 16:52:54,778 - __main__ - INFO - =====================
2020-07-04 16:53:46,550 - __main__ - INFO - *************************************
2020-07-04 16:53:46,551 - __main__ - INFO - Executing the code for SeriesID 62727 and AreadId nanand LastModifiedDate 2020-07-01 13:53:23.837000
2020-07-04 16:53:46,567 - __main__ - INFO - =====================
2020-07-04 16:53:46,575 - __main__ - INFO - Starting to read records for record 1 and SeriesID 62727 for Batch 0
2020-07-04 16:53:50,443 - __main__ - INFO - http://data.commoditymarkets.com/SoleraAdvisors/Value_Weekly?$filter=SeriesID eq 62727 AND LastModified gt 2020-07-01T13:53:23.837000Z &$top=2000&$skip=0& $format=json
2020-07-04 16:53:50,476 - __main__ - INFO - Total record read 0
2020-07-04 16:54:00,484 - __main__ - INFO - Read complete for record 1 and SeriesID 62727
2020-07-04 16:54:00,484 - __main__ - INFO - =====================
2020-07-04 16:54:00,513 - __main__ - INFO - *************************************
2020-07-04 16:54:00,513 - __main__ - INFO - Executing the code for SeriesID 1621 and AreadId nanand LastModifiedDate 2020-07-01 14:06:31.313000
2020-07-04 16:54:00,555 - __main__ - INFO - =====================
2020-07-04 16:54:00,567 - __main__ - INFO - Starting to read records for record 3 and SeriesID 1621 for Batch 0
2020-07-04 16:54:02,202 - __main__ - INFO - http://data.commoditymarkets.com/SoleraAdvisors/Value_Weekly?$filter=SeriesID eq 1621 AND LastModified gt 2020-07-01T14:06:31.313000Z &$top=2000&$skip=0& $format=json
2020-07-04 16:54:02,231 - __main__ - INFO - Total record read 0
2020-07-04 16:54:12,245 - __main__ - INFO - Read complete for record 3 and SeriesID 1621
2020-07-04 16:54:12,245 - __main__ - INFO - =====================
2020-07-04 16:54:12,263 - __main__ - INFO - *************************************
2020-07-04 16:54:12,264 - __main__ - INFO - Executing the code for SeriesID 1622 and AreadId nanand LastModifiedDate 2020-07-01 14:06:31.313000
2020-07-04 16:54:12,288 - __main__ - INFO - =====================
2020-07-04 16:54:12,296 - __main__ - INFO - Starting to read records for record 4 and SeriesID 1622 for Batch 0
2020-07-04 16:54:13,924 - __main__ - INFO - http://data.commoditymarkets.com/SoleraAdvisors/Value_Weekly?$filter=SeriesID eq 1622 AND LastModified gt 2020-07-01T14:06:31.313000Z &$top=2000&$skip=0& $format=json
2020-07-04 16:54:13,949 - __main__ - INFO - Total record read 0
2020-07-04 16:54:23,966 - __main__ - INFO - Read complete for record 4 and SeriesID 1622
2020-07-04 16:54:23,966 - __main__ - INFO - =====================
2020-07-04 16:54:23,984 - __main__ - INFO - *************************************
2020-07-04 16:54:23,985 - __main__ - INFO - Executing the code for SeriesID 1623 and AreadId nanand LastModifiedDate 2020-07-01 14:06:31.313000
2020-07-04 16:54:24,008 - __main__ - INFO - =====================
2020-07-04 16:54:24,017 - __main__ - INFO - Starting to read records for record 5 and SeriesID 1623 for Batch 0
2020-07-04 16:54:25,588 - __main__ - INFO - http://data.commoditymarkets.com/SoleraAdvisors/Value_Weekly?$filter=SeriesID eq 1623 AND LastModified gt 2020-07-01T14:06:31.313000Z &$top=2000&$skip=0& $format=json
2020-07-04 16:54:25,609 - __main__ - INFO - Total record read 0
2020-07-04 16:54:35,618 - __main__ - INFO - Read complete for record 5 and SeriesID 1623
2020-07-04 16:54:35,618 - __main__ - INFO - =====================
2020-07-04 16:54:35,630 - __main__ - INFO - *************************************
2020-07-04 16:54:35,630 - __main__ - INFO - Executing the code for SeriesID 1624 and AreadId nanand LastModifiedDate 2020-07-01 14:06:31.313000
2020-07-04 16:54:35,649 - __main__ - INFO - =====================
2020-07-04 16:54:35,657 - __main__ - INFO - Starting to read records for record 6 and SeriesID 1624 for Batch 0
2020-07-04 16:54:38,009 - __main__ - INFO - http://data.commoditymarkets.com/SoleraAdvisors/Value_Weekly?$filter=SeriesID eq 1624 AND LastModified gt 2020-07-01T14:06:31.313000Z &$top=2000&$skip=0& $format=json
2020-07-04 16:54:38,029 - __main__ - INFO - Total record read 0
2020-07-04 16:54:48,039 - __main__ - INFO - Read complete for record 6 and SeriesID 1624
2020-07-04 16:54:48,039 - __main__ - INFO - =====================
2020-07-04 16:54:48,074 - __main__ - INFO - *************************************
2020-07-04 16:54:48,074 - __main__ - INFO - Executing the code for SeriesID 1625 and AreadId nanand LastModifiedDate 2020-07-01 14:06:31.313000
2020-07-04 16:54:48,087 - __main__ - INFO - =====================
2020-07-04 16:54:48,095 - __main__ - INFO - Starting to read records for record 7 and SeriesID 1625 for Batch 0
2020-07-04 16:54:49,760 - __main__ - INFO - http://data.commoditymarkets.com/SoleraAdvisors/Value_Weekly?$filter=SeriesID eq 1625 AND LastModified gt 2020-07-01T14:06:31.313000Z &$top=2000&$skip=0& $format=json
2020-07-04 16:54:49,779 - __main__ - INFO - Total record read 0
2020-07-04 16:54:59,788 - __main__ - INFO - Read complete for record 7 and SeriesID 1625
2020-07-04 16:54:59,788 - __main__ - INFO - =====================
2020-07-04 16:54:59,813 - __main__ - INFO - *************************************
2020-07-04 16:54:59,814 - __main__ - INFO - Executing the code for SeriesID 62947 and AreadId 1.0and LastModifiedDate 2020-07-01 14:07:04.550000
2020-07-04 16:54:59,854 - __main__ - INFO - =====================
2020-07-04 16:54:59,870 - __main__ - INFO - Starting to read records for record 8 and SeriesID 62947 for Batch 0
2020-07-04 16:55:01,513 - __main__ - INFO - http://data.commoditymarkets.com/SoleraAdvisors/Value_Weekly?$filter=AreaID eq 1.0 AND SeriesID eq 62947AND LastModified gt 2020-07-01T14:07:04.550000Z &$top=2000&$skip=0& $format=json
2020-07-04 16:55:01,537 - __main__ - INFO - Total record read 0
2020-07-04 16:55:11,550 - __main__ - INFO - Read complete for record 8 and SeriesID 62947
2020-07-04 16:55:11,550 - __main__ - INFO - =====================
2020-07-04 16:55:11,561 - __main__ - INFO - *************************************
2020-07-04 16:55:11,562 - __main__ - INFO - Executing the code for SeriesID 62948 and AreadId 1.0and LastModifiedDate 2020-07-01 14:07:04.557000
2020-07-04 16:55:11,583 - __main__ - INFO - =====================
2020-07-04 16:55:11,593 - __main__ - INFO - Starting to read records for record 10 and SeriesID 62948 for Batch 0
2020-07-04 16:55:13,219 - __main__ - INFO - http://data.commoditymarkets.com/SoleraAdvisors/Value_Weekly?$filter=AreaID eq 1.0 AND SeriesID eq 62948AND LastModified gt 2020-07-01T14:07:04.557000Z &$top=2000&$skip=0& $format=json
2020-07-04 16:55:13,234 - __main__ - INFO - Total record read 0
2020-07-04 16:55:23,242 - __main__ - INFO - Read complete for record 10 and SeriesID 62948
2020-07-04 16:55:23,242 - __main__ - INFO - =====================
2020-07-04 16:55:23,270 - __main__ - INFO - *************************************
2020-07-04 16:55:23,271 - __main__ - INFO - Executing the code for SeriesID 62949 and AreadId 1.0and LastModifiedDate 2020-01-01 00:00:00
2020-07-04 16:55:23,312 - __main__ - INFO - =====================
2020-07-04 16:55:23,326 - __main__ - INFO - Starting to read records for record 11 and SeriesID 62949 for Batch 0
2020-07-04 16:55:24,948 - __main__ - INFO - http://data.commoditymarkets.com/SoleraAdvisors/Value_Weekly?$filter=AreaID eq 1.0 AND SeriesID eq 62949AND LastModified gt 2020-01-01T00:00:00Z &$top=2000&$skip=0& $format=json
2020-07-04 16:55:25,014 - __main__ - INFO - Batch 0 read count 30
2020-07-04 16:55:25,131 - __main__ - INFO - =====================
2020-07-04 16:55:25,138 - __main__ - INFO - Starting to read records for record 11 and SeriesID 62949 for Batch 1
2020-07-04 16:55:26,792 - __main__ - INFO - http://data.commoditymarkets.com/SoleraAdvisors/Value_Weekly?$filter=AreaID eq 1.0 AND SeriesID eq 62949AND LastModified gt 2020-01-01T00:00:00Z &$top=2000&$skip=2000& $format=json
2020-07-04 16:55:26,824 - __main__ - INFO - Total record read 30
2020-07-04 16:55:36,837 - __main__ - INFO - Read complete for record 11 and SeriesID 62949
2020-07-04 16:55:36,837 - __main__ - INFO - =====================
2020-07-04 17:01:26,898 - __main__ - INFO - *************************************
2020-07-04 17:01:26,899 - __main__ - INFO - Executing the code for RecordID 1 and SeriesID 62727and LastModifiedDate 2020-07-01 13:53:23.837000
2020-07-04 17:01:26,915 - __main__ - INFO - =====================
2020-07-04 17:01:26,925 - __main__ - INFO - Starting to read records for RecordID 1 and SeriesID 62727 for Batch 0
2020-07-04 17:01:28,951 - __main__ - INFO - http://data.commoditymarkets.com/SoleraAdvisors/Value_Weekly?$filter=SeriesID eq 62727 AND LastModified gt 2020-07-01T13:53:23.837000Z &$top=2000&$skip=0& $format=json
2020-07-04 17:01:28,973 - __main__ - INFO - Total record read 0
2020-07-04 17:01:38,987 - __main__ - INFO - Read complete for record 1 and SeriesID 62727
2020-07-04 17:01:38,987 - __main__ - INFO - =====================
2020-07-04 17:01:39,000 - __main__ - INFO - *************************************
2020-07-04 17:01:39,000 - __main__ - INFO - Executing the code for RecordID 3 and SeriesID 1621and LastModifiedDate 2020-07-01 14:06:31.313000
2020-07-04 17:01:39,017 - __main__ - INFO - =====================
2020-07-04 17:01:39,027 - __main__ - INFO - Starting to read records for RecordID 3 and SeriesID 1621 for Batch 0
2020-07-04 17:01:40,648 - __main__ - INFO - http://data.commoditymarkets.com/SoleraAdvisors/Value_Weekly?$filter=SeriesID eq 1621 AND LastModified gt 2020-07-01T14:06:31.313000Z &$top=2000&$skip=0& $format=json
2020-07-04 17:01:40,675 - __main__ - INFO - Total record read 0
2020-07-04 17:01:50,690 - __main__ - INFO - Read complete for record 3 and SeriesID 1621
2020-07-04 17:01:50,690 - __main__ - INFO - =====================
2020-07-04 17:01:50,716 - __main__ - INFO - *************************************
2020-07-04 17:01:50,717 - __main__ - INFO - Executing the code for RecordID 4 and SeriesID 1622and LastModifiedDate 2020-07-01 14:06:31.313000
2020-07-04 17:01:50,747 - __main__ - INFO - =====================
2020-07-04 17:01:50,753 - __main__ - INFO - Starting to read records for RecordID 4 and SeriesID 1622 for Batch 0
2020-07-04 17:01:52,499 - __main__ - INFO - http://data.commoditymarkets.com/SoleraAdvisors/Value_Weekly?$filter=SeriesID eq 1622 AND LastModified gt 2020-07-01T14:06:31.313000Z &$top=2000&$skip=0& $format=json
2020-07-04 17:01:52,531 - __main__ - INFO - Total record read 0
2020-07-04 17:02:02,546 - __main__ - INFO - Read complete for record 4 and SeriesID 1622
2020-07-04 17:02:02,546 - __main__ - INFO - =====================
2020-07-04 17:02:02,569 - __main__ - INFO - *************************************
2020-07-04 17:02:02,570 - __main__ - INFO - Executing the code for RecordID 5 and SeriesID 1623and LastModifiedDate 2020-07-01 14:06:31.313000
2020-07-04 17:02:02,602 - __main__ - INFO - =====================
2020-07-04 17:02:02,609 - __main__ - INFO - Starting to read records for RecordID 5 and SeriesID 1623 for Batch 0
2020-07-04 17:02:04,259 - __main__ - INFO - http://data.commoditymarkets.com/SoleraAdvisors/Value_Weekly?$filter=SeriesID eq 1623 AND LastModified gt 2020-07-01T14:06:31.313000Z &$top=2000&$skip=0& $format=json
2020-07-04 17:02:04,294 - __main__ - INFO - Total record read 0
2020-07-04 17:02:14,307 - __main__ - INFO - Read complete for record 5 and SeriesID 1623
2020-07-04 17:02:14,307 - __main__ - INFO - =====================
2020-07-04 17:02:14,325 - __main__ - INFO - *************************************
2020-07-04 17:02:14,326 - __main__ - INFO - Executing the code for RecordID 6 and SeriesID 1624and LastModifiedDate 2020-07-01 14:06:31.313000
2020-07-04 17:02:14,362 - __main__ - INFO - =====================
2020-07-04 17:02:14,378 - __main__ - INFO - Starting to read records for RecordID 6 and SeriesID 1624 for Batch 0
2020-07-04 17:02:15,995 - __main__ - INFO - http://data.commoditymarkets.com/SoleraAdvisors/Value_Weekly?$filter=SeriesID eq 1624 AND LastModified gt 2020-07-01T14:06:31.313000Z &$top=2000&$skip=0& $format=json
2020-07-04 17:02:16,019 - __main__ - INFO - Total record read 0
2020-07-04 17:02:26,029 - __main__ - INFO - Read complete for record 6 and SeriesID 1624
2020-07-04 17:02:26,029 - __main__ - INFO - =====================
2020-07-04 17:02:26,036 - __main__ - INFO - *************************************
2020-07-04 17:02:26,037 - __main__ - INFO - Executing the code for RecordID 7 and SeriesID 1625and LastModifiedDate 2020-07-01 14:06:31.313000
2020-07-04 17:02:26,052 - __main__ - INFO - =====================
2020-07-04 17:02:26,061 - __main__ - INFO - Starting to read records for RecordID 7 and SeriesID 1625 for Batch 0
2020-07-04 17:02:27,694 - __main__ - INFO - http://data.commoditymarkets.com/SoleraAdvisors/Value_Weekly?$filter=SeriesID eq 1625 AND LastModified gt 2020-07-01T14:06:31.313000Z &$top=2000&$skip=0& $format=json
2020-07-04 17:02:27,742 - __main__ - INFO - Total record read 0
2020-07-04 17:02:37,752 - __main__ - INFO - Read complete for record 7 and SeriesID 1625
2020-07-04 17:02:37,752 - __main__ - INFO - =====================
2020-07-04 17:02:37,760 - __main__ - INFO - *************************************
2020-07-04 17:02:37,760 - __main__ - INFO - Executing the code for RecordID 8 and SeriesID 62947and LastModifiedDate 2020-07-01 14:07:04.550000
2020-07-04 17:02:37,775 - __main__ - INFO - =====================
2020-07-04 17:02:37,783 - __main__ - INFO - Starting to read records for RecordID 8 and SeriesID 62947 for Batch 0
2020-07-04 17:02:39,416 - __main__ - INFO - http://data.commoditymarkets.com/SoleraAdvisors/Value_Weekly?$filter=AreaID eq 1.0 AND SeriesID eq 62947AND LastModified gt 2020-07-01T14:07:04.550000Z &$top=2000&$skip=0& $format=json
2020-07-04 17:02:39,445 - __main__ - INFO - Total record read 0
2020-07-04 17:02:49,454 - __main__ - INFO - Read complete for record 8 and SeriesID 62947
2020-07-04 17:02:49,454 - __main__ - INFO - =====================
2020-07-04 17:02:49,479 - __main__ - INFO - *************************************
2020-07-04 17:02:49,479 - __main__ - INFO - Executing the code for RecordID 10 and SeriesID 62948and LastModifiedDate 2020-07-01 14:07:04.557000
2020-07-04 17:02:49,529 - __main__ - INFO - =====================
2020-07-04 17:02:49,553 - __main__ - INFO - Starting to read records for RecordID 10 and SeriesID 62948 for Batch 0
2020-07-04 17:02:51,204 - __main__ - INFO - http://data.commoditymarkets.com/SoleraAdvisors/Value_Weekly?$filter=AreaID eq 1.0 AND SeriesID eq 62948AND LastModified gt 2020-07-01T14:07:04.557000Z &$top=2000&$skip=0& $format=json
2020-07-04 17:02:51,236 - __main__ - INFO - Total record read 0
2020-07-04 17:03:01,249 - __main__ - INFO - Read complete for record 10 and SeriesID 62948
2020-07-04 17:03:01,249 - __main__ - INFO - =====================
2020-07-04 17:03:01,271 - __main__ - INFO - *************************************
2020-07-04 17:03:01,272 - __main__ - INFO - Executing the code for RecordID 11 and SeriesID 62949and LastModifiedDate 2020-07-01 14:07:04.560000
2020-07-04 17:03:01,309 - __main__ - INFO - =====================
2020-07-04 17:03:01,328 - __main__ - INFO - Starting to read records for RecordID 11 and SeriesID 62949 for Batch 0
2020-07-04 17:03:03,202 - __main__ - INFO - http://data.commoditymarkets.com/SoleraAdvisors/Value_Weekly?$filter=AreaID eq 1.0 AND SeriesID eq 62949AND LastModified gt 2020-07-01T14:07:04.560000Z &$top=2000&$skip=0& $format=json
2020-07-04 17:03:03,219 - __main__ - INFO - Total record read 0
2020-07-04 17:03:13,227 - __main__ - INFO - Read complete for record 11 and SeriesID 62949
2020-07-04 17:03:13,227 - __main__ - INFO - =====================
2020-07-04 17:03:13,248 - __main__ - INFO - *************************************
2020-07-04 17:03:13,248 - __main__ - INFO - Executing the code for RecordID 12 and SeriesID 62950and LastModifiedDate 2020-01-01 00:00:00
2020-07-04 17:03:13,279 - __main__ - INFO - =====================
2020-07-04 17:03:13,287 - __main__ - INFO - Starting to read records for RecordID 12 and SeriesID 62950 for Batch 0
2020-07-04 17:03:14,844 - __main__ - INFO - http://data.commoditymarkets.com/SoleraAdvisors/Value_Weekly?$filter=AreaID eq 1.0 AND SeriesID eq 62950AND LastModified gt 2020-01-01T00:00:00Z &$top=2000&$skip=0& $format=json
2020-07-04 17:03:14,875 - __main__ - INFO - Batch 0 read count 30
2020-07-04 17:03:15,006 - __main__ - INFO - =====================
2020-07-04 17:03:15,018 - __main__ - INFO - Starting to read records for RecordID 12 and SeriesID 62950 for Batch 1
2020-07-04 17:03:16,656 - __main__ - INFO - http://data.commoditymarkets.com/SoleraAdvisors/Value_Weekly?$filter=AreaID eq 1.0 AND SeriesID eq 62950AND LastModified gt 2020-01-01T00:00:00Z &$top=2000&$skip=2000& $format=json
2020-07-04 17:03:16,693 - __main__ - INFO - Total record read 30
2020-07-04 17:03:26,713 - __main__ - INFO - Read complete for record 12 and SeriesID 62950
2020-07-04 17:03:26,713 - __main__ - INFO - =====================
